This file contains any messages produced by compilers while
running configure, to aid debugging if configure makes a mistake.

It was created by libdrm configure 2.4.52, which was
generated by GNU Autoconf 2.69.  Invocation command line was

  $ ./configure --enable-udev --enable-libkms --enable-radeon --enable-install-test-programs --disable-intel --disable-nouveau

## --------- ##
## Platform. ##
## --------- ##

hostname = NR021AA
uname -m = i686
uname -r = 3.16.0-4-686-pae
uname -s = Linux
uname -v = #1 SMP Debian 3.16.7-ckt25-2 (2016-04-08)

/usr/bin/uname -p = unknown
/bin/uname -X     = unknown

/bin/arch              = unknown
/usr/bin/arch -k       = unknown
/usr/convex/getsysinfo = unknown
/usr/bin/hostinfo      = unknown
/bin/machine           = unknown
/usr/bin/oslevel       = unknown
/bin/universe          = unknown

PATH: /home/helio/bin
PATH: /usr/local/bin
PATH: /usr/bin
PATH: /bin
PATH: /usr/local/games
PATH: /usr/games


## ----------- ##
## Core tests. ##
## ----------- ##

configure:2392: checking for a BSD-compatible install
configure:2460: result: /usr/bin/install -c
configure:2471: checking whether build environment is sane
configure:2526: result: yes
configure:2677: checking for a thread-safe mkdir -p
configure:2716: result: /bin/mkdir -p
configure:2723: checking for gawk
configure:2739: found /usr/bin/gawk
configure:2750: result: gawk
configure:2761: checking whether make sets $(MAKE)
configure:2783: result: yes
configure:2812: checking whether make supports nested variables
configure:2829: result: yes
configure:2956: checking whether to enable maintainer-specific portions of Makefiles
configure:2965: result: yes
configure:2991: checking whether make supports nested variables
configure:3008: result: yes
configure:3069: checking for gcc
configure:3085: found /usr/bin/gcc
configure:3096: result: gcc
configure:3325: checking for C compiler version
configure:3334: gcc --version >&5
gcc (Debian 4.9.2-10) 4.9.2
Copyright (C) 2014 Free Software Foundation, Inc.
This is free software; see the source for copying conditions.  There is NO
warranty; not even for MERCHANTABILITY or FITNESS FOR A PARTICULAR PURPOSE.

configure:3345: $? = 0
configure:3334: gcc -v >&5
Using built-in specs.
COLLECT_GCC=gcc
COLLECT_LTO_WRAPPER=/usr/lib/gcc/i586-linux-gnu/4.9/lto-wrapper
Target: i586-linux-gnu
Configured with: ../src/configure -v --with-pkgversion='Debian 4.9.2-10' --with-bugurl=file:///usr/share/doc/gcc-4.9/README.Bugs --enable-languages=c,c++,java,go,d,fortran,objc,obj-c++ --prefix=/usr --program-suffix=-4.9 --enable-shared --enable-linker-build-id --libexecdir=/usr/lib --without-included-gettext --enable-threads=posix --with-gxx-include-dir=/usr/include/c++/4.9 --libdir=/usr/lib --enable-nls --with-sysroot=/ --enable-clocale=gnu --enable-libstdcxx-debug --enable-libstdcxx-time=yes --enable-gnu-unique-object --disable-vtable-verify --enable-plugin --with-system-zlib --disable-browser-plugin --enable-java-awt=gtk --enable-gtk-cairo --with-java-home=/usr/lib/jvm/java-1.5.0-gcj-4.9-i386/jre --enable-java-home --with-jvm-root-dir=/usr/lib/jvm/java-1.5.0-gcj-4.9-i386 --with-jvm-jar-dir=/usr/lib/jvm-exports/java-1.5.0-gcj-4.9-i386 --with-arch-directory=i386 --with-ecj-jar=/usr/share/java/eclipse-ecj.jar --enable-objc-gc --enable-targets=all --enable-multiarch --with-arch-32=i586 --with-multilib-list=m32,m64,mx32 --enable-multilib --with-tune=generic --enable-checking=release --build=i586-linux-gnu --host=i586-linux-gnu --target=i586-linux-gnu
Thread model: posix
gcc version 4.9.2 (Debian 4.9.2-10) 
configure:3345: $? = 0
configure:3334: gcc -V >&5
gcc: error: unrecognized command line option '-V'
gcc: fatal error: no input files
compilation terminated.
configure:3345: $? = 4
configure:3334: gcc -qversion >&5
gcc: error: unrecognized command line option '-qversion'
gcc: fatal error: no input files
compilation terminated.
configure:3345: $? = 4
configure:3365: checking whether the C compiler works
configure:3387: gcc    conftest.c  >&5
configure:3391: $? = 0
configure:3439: result: yes
configure:3442: checking for C compiler default output file name
configure:3444: result: a.out
configure:3450: checking for suffix of executables
configure:3457: gcc -o conftest    conftest.c  >&5
configure:3461: $? = 0
configure:3483: result: 
configure:3505: checking whether we are cross compiling
configure:3513: gcc -o conftest    conftest.c  >&5
configure:3517: $? = 0
configure:3524: ./conftest
configure:3528: $? = 0
configure:3543: result: no
configure:3548: checking for suffix of object files
configure:3570: gcc -c   conftest.c >&5
configure:3574: $? = 0
configure:3595: result: o
configure:3599: checking whether we are using the GNU C compiler
configure:3618: gcc -c   conftest.c >&5
configure:3618: $? = 0
configure:3627: result: yes
configure:3636: checking whether gcc accepts -g
configure:3656: gcc -c -g  conftest.c >&5
configure:3656: $? = 0
configure:3697: result: yes
configure:3714: checking for gcc option to accept ISO C89
configure:3777: gcc  -c -g -O2  conftest.c >&5
configure:3777: $? = 0
configure:3790: result: none needed
configure:3815: checking whether gcc understands -c and -o together
configure:3837: gcc -c conftest.c -o conftest2.o
configure:3840: $? = 0
configure:3837: gcc -c conftest.c -o conftest2.o
configure:3840: $? = 0
configure:3852: result: yes
configure:3880: checking for style of include used by make
configure:3908: result: GNU
configure:3934: checking dependency style of gcc
configure:4045: result: gcc3
configure:4067: checking how to run the C preprocessor
configure:4098: gcc -E  conftest.c
configure:4098: $? = 0
configure:4112: gcc -E  conftest.c
conftest.c:11:28: fatal error: ac_nonexistent.h: No such file or directory
 #include <ac_nonexistent.h>
                            ^
compilation terminated.
configure:4112: $? = 1
configure: failed program was:
| /* confdefs.h */
| #define PACKAGE_NAME "libdrm"
| #define PACKAGE_TARNAME "libdrm"
| #define PACKAGE_VERSION "2.4.52"
| #define PACKAGE_STRING "libdrm 2.4.52"
| #define PACKAGE_BUGREPORT "https://bugs.freedesktop.org/enter_bug.cgi?product=DRI"
| #define PACKAGE_URL ""
| #define PACKAGE "libdrm"
| #define VERSION "2.4.52"
| /* end confdefs.h.  */
| #include <ac_nonexistent.h>
configure:4137: result: gcc -E
configure:4157: gcc -E  conftest.c
configure:4157: $? = 0
configure:4171: gcc -E  conftest.c
conftest.c:11:28: fatal error: ac_nonexistent.h: No such file or directory
 #include <ac_nonexistent.h>
                            ^
compilation terminated.
configure:4171: $? = 1
configure: failed program was:
| /* confdefs.h */
| #define PACKAGE_NAME "libdrm"
| #define PACKAGE_TARNAME "libdrm"
| #define PACKAGE_VERSION "2.4.52"
| #define PACKAGE_STRING "libdrm 2.4.52"
| #define PACKAGE_BUGREPORT "https://bugs.freedesktop.org/enter_bug.cgi?product=DRI"
| #define PACKAGE_URL ""
| #define PACKAGE "libdrm"
| #define VERSION "2.4.52"
| /* end confdefs.h.  */
| #include <ac_nonexistent.h>
configure:4200: checking for grep that handles long lines and -e
configure:4258: result: /bin/grep
configure:4263: checking for egrep
configure:4325: result: /bin/grep -E
configure:4330: checking for ANSI C header files
configure:4350: gcc -c -g -O2  conftest.c >&5
configure:4350: $? = 0
configure:4423: gcc -o conftest -g -O2   conftest.c  >&5
configure:4423: $? = 0
configure:4423: ./conftest
configure:4423: $? = 0
configure:4434: result: yes
configure:4447: checking for sys/types.h
configure:4447: gcc -c -g -O2  conftest.c >&5
configure:4447: $? = 0
configure:4447: result: yes
configure:4447: checking for sys/stat.h
configure:4447: gcc -c -g -O2  conftest.c >&5
configure:4447: $? = 0
configure:4447: result: yes
configure:4447: checking for stdlib.h
configure:4447: gcc -c -g -O2  conftest.c >&5
configure:4447: $? = 0
configure:4447: result: yes
configure:4447: checking for string.h
configure:4447: gcc -c -g -O2  conftest.c >&5
configure:4447: $? = 0
configure:4447: result: yes
configure:4447: checking for memory.h
configure:4447: gcc -c -g -O2  conftest.c >&5
configure:4447: $? = 0
configure:4447: result: yes
configure:4447: checking for strings.h
configure:4447: gcc -c -g -O2  conftest.c >&5
configure:4447: $? = 0
configure:4447: result: yes
configure:4447: checking for inttypes.h
configure:4447: gcc -c -g -O2  conftest.c >&5
configure:4447: $? = 0
configure:4447: result: yes
configure:4447: checking for stdint.h
configure:4447: gcc -c -g -O2  conftest.c >&5
configure:4447: $? = 0
configure:4447: result: yes
configure:4447: checking for unistd.h
configure:4447: gcc -c -g -O2  conftest.c >&5
configure:4447: $? = 0
configure:4447: result: yes
configure:4460: checking minix/config.h usability
configure:4460: gcc -c -g -O2  conftest.c >&5
conftest.c:54:26: fatal error: minix/config.h: No such file or directory
 #include <minix/config.h>
                          ^
compilation terminated.
configure:4460: $? = 1
configure: failed program was:
| /* confdefs.h */
| #define PACKAGE_NAME "libdrm"
| #define PACKAGE_TARNAME "libdrm"
| #define PACKAGE_VERSION "2.4.52"
| #define PACKAGE_STRING "libdrm 2.4.52"
| #define PACKAGE_BUGREPORT "https://bugs.freedesktop.org/enter_bug.cgi?product=DRI"
| #define PACKAGE_URL ""
| #define PACKAGE "libdrm"
| #define VERSION "2.4.52"
| #define STDC_HEADERS 1
| #define HAVE_SYS_TYPES_H 1
| #define HAVE_SYS_STAT_H 1
| #define HAVE_STDLIB_H 1
| #define HAVE_STRING_H 1
| #define HAVE_MEMORY_H 1
| #define HAVE_STRINGS_H 1
| #define HAVE_INTTYPES_H 1
| #define HAVE_STDINT_H 1
| #define HAVE_UNISTD_H 1
| /* end confdefs.h.  */
| #include <stdio.h>
| #ifdef HAVE_SYS_TYPES_H
| # include <sys/types.h>
| #endif
| #ifdef HAVE_SYS_STAT_H
| # include <sys/stat.h>
| #endif
| #ifdef STDC_HEADERS
| # include <stdlib.h>
| # include <stddef.h>
| #else
| # ifdef HAVE_STDLIB_H
| #  include <stdlib.h>
| # endif
| #endif
| #ifdef HAVE_STRING_H
| # if !defined STDC_HEADERS && defined HAVE_MEMORY_H
| #  include <memory.h>
| # endif
| # include <string.h>
| #endif
| #ifdef HAVE_STRINGS_H
| # include <strings.h>
| #endif
| #ifdef HAVE_INTTYPES_H
| # include <inttypes.h>
| #endif
| #ifdef HAVE_STDINT_H
| # include <stdint.h>
| #endif
| #ifdef HAVE_UNISTD_H
| # include <unistd.h>
| #endif
| #include <minix/config.h>
configure:4460: result: no
configure:4460: checking minix/config.h presence
configure:4460: gcc -E  conftest.c
conftest.c:21:26: fatal error: minix/config.h: No such file or directory
 #include <minix/config.h>
                          ^
compilation terminated.
configure:4460: $? = 1
configure: failed program was:
| /* confdefs.h */
| #define PACKAGE_NAME "libdrm"
| #define PACKAGE_TARNAME "libdrm"
| #define PACKAGE_VERSION "2.4.52"
| #define PACKAGE_STRING "libdrm 2.4.52"
| #define PACKAGE_BUGREPORT "https://bugs.freedesktop.org/enter_bug.cgi?product=DRI"
| #define PACKAGE_URL ""
| #define PACKAGE "libdrm"
| #define VERSION "2.4.52"
| #define STDC_HEADERS 1
| #define HAVE_SYS_TYPES_H 1
| #define HAVE_SYS_STAT_H 1
| #define HAVE_STDLIB_H 1
| #define HAVE_STRING_H 1
| #define HAVE_MEMORY_H 1
| #define HAVE_STRINGS_H 1
| #define HAVE_INTTYPES_H 1
| #define HAVE_STDINT_H 1
| #define HAVE_UNISTD_H 1
| /* end confdefs.h.  */
| #include <minix/config.h>
configure:4460: result: no
configure:4460: checking for minix/config.h
configure:4460: result: no
configure:4481: checking whether it is safe to define __EXTENSIONS__
configure:4499: gcc -c -g -O2  conftest.c >&5
configure:4499: $? = 0
configure:4506: result: yes
configure:4527: checking for special C compiler options needed for large files
configure:4572: result: no
configure:4578: checking for _FILE_OFFSET_BITS value needed for large files
configure:4603: gcc -c -g -O2  conftest.c >&5
conftest.c:32:7: error: size of array 'off_t_is_large' is negative
   int off_t_is_large[(LARGE_OFF_T % 2147483629 == 721
       ^
configure:4603: $? = 1
configure: failed program was:
| /* confdefs.h */
| #define PACKAGE_NAME "libdrm"
| #define PACKAGE_TARNAME "libdrm"
| #define PACKAGE_VERSION "2.4.52"
| #define PACKAGE_STRING "libdrm 2.4.52"
| #define PACKAGE_BUGREPORT "https://bugs.freedesktop.org/enter_bug.cgi?product=DRI"
| #define PACKAGE_URL ""
| #define PACKAGE "libdrm"
| #define VERSION "2.4.52"
| #define STDC_HEADERS 1
| #define HAVE_SYS_TYPES_H 1
| #define HAVE_SYS_STAT_H 1
| #define HAVE_STDLIB_H 1
| #define HAVE_STRING_H 1
| #define HAVE_MEMORY_H 1
| #define HAVE_STRINGS_H 1
| #define HAVE_INTTYPES_H 1
| #define HAVE_STDINT_H 1
| #define HAVE_UNISTD_H 1
| #define __EXTENSIONS__ 1
| #define _ALL_SOURCE 1
| #define _GNU_SOURCE 1
| #define _POSIX_PTHREAD_SEMANTICS 1
| #define _TANDEM_SOURCE 1
| /* end confdefs.h.  */
| #include <sys/types.h>
|  /* Check that off_t can represent 2**63 - 1 correctly.
|     We can't simply define LARGE_OFF_T to be 9223372036854775807,
|     since some C++ compilers masquerading as C compilers
|     incorrectly reject 9223372036854775807.  */
| #define LARGE_OFF_T ((((off_t) 1 << 31) << 31) - 1 + (((off_t) 1 << 31) << 31))
|   int off_t_is_large[(LARGE_OFF_T % 2147483629 == 721
| 		       && LARGE_OFF_T % 2147483647 == 1)
| 		      ? 1 : -1];
| int
| main ()
| {
| 
|   ;
|   return 0;
| }
configure:4627: gcc -c -g -O2  conftest.c >&5
configure:4627: $? = 0
configure:4635: result: 64
configure:4720: checking for size_t
configure:4720: gcc -c -g -O2  conftest.c >&5
configure:4720: $? = 0
configure:4720: gcc -c -g -O2  conftest.c >&5
conftest.c: In function 'main':
conftest.c:63:21: error: expected expression before ')' token
 if (sizeof ((size_t)))
                     ^
configure:4720: $? = 1
configure: failed program was:
| /* confdefs.h */
| #define PACKAGE_NAME "libdrm"
| #define PACKAGE_TARNAME "libdrm"
| #define PACKAGE_VERSION "2.4.52"
| #define PACKAGE_STRING "libdrm 2.4.52"
| #define PACKAGE_BUGREPORT "https://bugs.freedesktop.org/enter_bug.cgi?product=DRI"
| #define PACKAGE_URL ""
| #define PACKAGE "libdrm"
| #define VERSION "2.4.52"
| #define STDC_HEADERS 1
| #define HAVE_SYS_TYPES_H 1
| #define HAVE_SYS_STAT_H 1
| #define HAVE_STDLIB_H 1
| #define HAVE_STRING_H 1
| #define HAVE_MEMORY_H 1
| #define HAVE_STRINGS_H 1
| #define HAVE_INTTYPES_H 1
| #define HAVE_STDINT_H 1
| #define HAVE_UNISTD_H 1
| #define __EXTENSIONS__ 1
| #define _ALL_SOURCE 1
| #define _GNU_SOURCE 1
| #define _POSIX_PTHREAD_SEMANTICS 1
| #define _TANDEM_SOURCE 1
| #define _FILE_OFFSET_BITS 64
| /* end confdefs.h.  */
| #include <stdio.h>
| #ifdef HAVE_SYS_TYPES_H
| # include <sys/types.h>
| #endif
| #ifdef HAVE_SYS_STAT_H
| # include <sys/stat.h>
| #endif
| #ifdef STDC_HEADERS
| # include <stdlib.h>
| # include <stddef.h>
| #else
| # ifdef HAVE_STDLIB_H
| #  include <stdlib.h>
| # endif
| #endif
| #ifdef HAVE_STRING_H
| # if !defined STDC_HEADERS && defined HAVE_MEMORY_H
| #  include <memory.h>
| # endif
| # include <string.h>
| #endif
| #ifdef HAVE_STRINGS_H
| # include <strings.h>
| #endif
| #ifdef HAVE_INTTYPES_H
| # include <inttypes.h>
| #endif
| #ifdef HAVE_STDINT_H
| # include <stdint.h>
| #endif
| #ifdef HAVE_UNISTD_H
| # include <unistd.h>
| #endif
| int
| main ()
| {
| if (sizeof ((size_t)))
| 	    return 0;
|   ;
|   return 0;
| }
configure:4720: result: yes
configure:4733: checking for working alloca.h
configure:4750: gcc -o conftest -g -O2   conftest.c  >&5
configure:4750: $? = 0
configure:4758: result: yes
configure:4766: checking for alloca
configure:4803: gcc -o conftest -g -O2   conftest.c  >&5
configure:4803: $? = 0
configure:4811: result: yes
configure:4949: checking build system type
configure:4963: result: i686-pc-linux-gnu
configure:4983: checking host system type
configure:4996: result: i686-pc-linux-gnu
configure:5037: checking how to print strings
configure:5064: result: printf
configure:5085: checking for a sed that does not truncate output
configure:5149: result: /bin/sed
configure:5167: checking for fgrep
configure:5229: result: /bin/grep -F
configure:5264: checking for ld used by gcc
configure:5331: result: /usr/bin/ld
configure:5338: checking if the linker (/usr/bin/ld) is GNU ld
configure:5353: result: yes
configure:5365: checking for BSD- or MS-compatible name lister (nm)
configure:5414: result: /usr/bin/nm -B
configure:5544: checking the name lister (/usr/bin/nm -B) interface
configure:5551: gcc -c -g -O2  conftest.c >&5
configure:5554: /usr/bin/nm -B "conftest.o"
configure:5557: output
00000000 B some_variable
configure:5564: result: BSD nm
configure:5567: checking whether ln -s works
configure:5571: result: yes
configure:5579: checking the maximum length of command line arguments
configure:5710: result: 1572864
configure:5727: checking whether the shell understands some XSI constructs
configure:5737: result: yes
configure:5741: checking whether the shell understands "+="
configure:5747: result: yes
configure:5782: checking how to convert i686-pc-linux-gnu file names to i686-pc-linux-gnu format
configure:5822: result: func_convert_file_noop
configure:5829: checking how to convert i686-pc-linux-gnu file names to toolchain format
configure:5849: result: func_convert_file_noop
configure:5856: checking for /usr/bin/ld option to reload object files
configure:5863: result: -r
configure:5937: checking for objdump
configure:5953: found /usr/bin/objdump
configure:5964: result: objdump
configure:5996: checking how to recognize dependent libraries
configure:6194: result: pass_all
configure:6279: checking for dlltool
configure:6309: result: no
configure:6339: checking how to associate runtime and link libraries
configure:6366: result: printf %s\n
configure:6426: checking for ar
configure:6442: found /usr/bin/ar
configure:6453: result: ar
configure:6490: checking for archiver @FILE support
configure:6507: gcc -c -g -O2  conftest.c >&5
configure:6507: $? = 0
configure:6510: ar cru libconftest.a @conftest.lst >&5
configure:6513: $? = 0
configure:6518: ar cru libconftest.a @conftest.lst >&5
ar: conftest.o: No such file or directory
configure:6521: $? = 1
configure:6533: result: @
configure:6591: checking for strip
configure:6607: found /usr/bin/strip
configure:6618: result: strip
configure:6690: checking for ranlib
configure:6706: found /usr/bin/ranlib
configure:6717: result: ranlib
configure:6819: checking command to parse /usr/bin/nm -B output from gcc object
configure:6939: gcc -c -g -O2  conftest.c >&5
configure:6942: $? = 0
configure:6946: /usr/bin/nm -B conftest.o \| sed -n -e 's/^.*[ ]\([ABCDGIRSTW][ABCDGIRSTW]*\)[ ][ ]*\([_A-Za-z][_A-Za-z0-9]*\)$/\1 \2 \2/p' | sed '/ __gnu_lto/d' \> conftest.nm
configure:6949: $? = 0
configure:7015: gcc -o conftest -g -O2   conftest.c conftstm.o >&5
configure:7018: $? = 0
configure:7056: result: ok
configure:7093: checking for sysroot
configure:7123: result: no
configure:7392: checking for mt
configure:7408: found /bin/mt
configure:7419: result: mt
configure:7442: checking if mt is a manifest tool
configure:7448: mt '-?'
configure:7456: result: no
configure:8095: checking for dlfcn.h
configure:8095: gcc -c -g -O2  conftest.c >&5
configure:8095: $? = 0
configure:8095: result: yes
configure:8300: checking for objdir
configure:8315: result: .libs
configure:8586: checking if gcc supports -fno-rtti -fno-exceptions
configure:8604: gcc -c -g -O2  -fno-rtti -fno-exceptions conftest.c >&5
cc1: warning: command line option '-fno-rtti' is valid for C++/ObjC++ but not for C
configure:8608: $? = 0
configure:8621: result: no
configure:8948: checking for gcc option to produce PIC
configure:8955: result: -fPIC -DPIC
configure:8963: checking if gcc PIC flag -fPIC -DPIC works
configure:8981: gcc -c -g -O2  -fPIC -DPIC -DPIC conftest.c >&5
configure:8985: $? = 0
configure:8998: result: yes
configure:9027: checking if gcc static flag -static works
configure:9055: result: yes
configure:9070: checking if gcc supports -c -o file.o
configure:9091: gcc -c -g -O2  -o out/conftest2.o conftest.c >&5
configure:9095: $? = 0
configure:9117: result: yes
configure:9125: checking if gcc supports -c -o file.o
configure:9172: result: yes
configure:9205: checking whether the gcc linker (/usr/bin/ld) supports shared libraries
configure:10362: result: yes
configure:10399: checking whether -lc should be explicitly linked in
configure:10407: gcc -c -g -O2  conftest.c >&5
configure:10410: $? = 0
configure:10425: gcc -shared  -fPIC -DPIC conftest.o  -v -Wl,-soname -Wl,conftest -o conftest 2\>\&1 \| /bin/grep  -lc  \>/dev/null 2\>\&1
configure:10428: $? = 0
configure:10442: result: no
configure:10602: checking dynamic linker characteristics
configure:11102: gcc -o conftest -g -O2   -Wl,-rpath -Wl,/foo conftest.c  >&5
configure:11102: $? = 0
configure:11336: result: GNU/Linux ld.so
configure:11443: checking how to hardcode library paths into programs
configure:11468: result: immediate
configure:12008: checking whether stripping libraries is possible
configure:12013: result: yes
configure:12048: checking if libtool supports shared libraries
configure:12050: result: yes
configure:12053: checking whether to build shared libraries
configure:12074: result: yes
configure:12077: checking whether to build static libraries
configure:12081: result: no

## ---------------- ##
## Cache variables. ##
## ---------------- ##

ac_cv_build=i686-pc-linux-gnu
ac_cv_c_compiler_gnu=yes
ac_cv_env_CC_set=
ac_cv_env_CC_value=
ac_cv_env_CFLAGS_set=
ac_cv_env_CFLAGS_value=
ac_cv_env_CPPFLAGS_set=
ac_cv_env_CPPFLAGS_value=
ac_cv_env_CPP_set=
ac_cv_env_CPP_value=
ac_cv_env_LDFLAGS_set=
ac_cv_env_LDFLAGS_value=
ac_cv_env_LIBS_set=
ac_cv_env_LIBS_value=
ac_cv_env_build_alias_set=
ac_cv_env_build_alias_value=
ac_cv_env_host_alias_set=
ac_cv_env_host_alias_value=
ac_cv_env_target_alias_set=
ac_cv_env_target_alias_value=
ac_cv_func_alloca_works=yes
ac_cv_header_dlfcn_h=yes
ac_cv_header_inttypes_h=yes
ac_cv_header_memory_h=yes
ac_cv_header_minix_config_h=no
ac_cv_header_stdc=yes
ac_cv_header_stdint_h=yes
ac_cv_header_stdlib_h=yes
ac_cv_header_string_h=yes
ac_cv_header_strings_h=yes
ac_cv_header_sys_stat_h=yes
ac_cv_header_sys_types_h=yes
ac_cv_header_unistd_h=yes
ac_cv_host=i686-pc-linux-gnu
ac_cv_objext=o
ac_cv_path_EGREP='/bin/grep -E'
ac_cv_path_FGREP='/bin/grep -F'
ac_cv_path_GREP=/bin/grep
ac_cv_path_SED=/bin/sed
ac_cv_path_install='/usr/bin/install -c'
ac_cv_path_mkdir=/bin/mkdir
ac_cv_prog_AWK=gawk
ac_cv_prog_CPP='gcc -E'
ac_cv_prog_ac_ct_AR=ar
ac_cv_prog_ac_ct_CC=gcc
ac_cv_prog_ac_ct_MANIFEST_TOOL=mt
ac_cv_prog_ac_ct_OBJDUMP=objdump
ac_cv_prog_ac_ct_RANLIB=ranlib
ac_cv_prog_ac_ct_STRIP=strip
ac_cv_prog_cc_c89=
ac_cv_prog_cc_g=yes
ac_cv_prog_make_make_set=yes
ac_cv_safe_to_define___extensions__=yes
ac_cv_sys_file_offset_bits=64
ac_cv_sys_largefile_CC=no
ac_cv_type_size_t=yes
ac_cv_working_alloca_h=yes
am_cv_CC_dependencies_compiler_type=gcc3
am_cv_make_support_nested_variables=yes
am_cv_prog_cc_c_o=yes
lt_cv_ar_at_file=@
lt_cv_archive_cmds_need_lc=no
lt_cv_deplibs_check_method=pass_all
lt_cv_file_magic_cmd='$MAGIC_CMD'
lt_cv_file_magic_test_file=
lt_cv_ld_reload_flag=-r
lt_cv_nm_interface='BSD nm'
lt_cv_objdir=.libs
lt_cv_path_LD=/usr/bin/ld
lt_cv_path_NM='/usr/bin/nm -B'
lt_cv_path_mainfest_tool=no
lt_cv_prog_compiler_c_o=yes
lt_cv_prog_compiler_pic='-fPIC -DPIC'
lt_cv_prog_compiler_pic_works=yes
lt_cv_prog_compiler_rtti_exceptions=no
lt_cv_prog_compiler_static_works=yes
lt_cv_prog_gnu_ld=yes
lt_cv_sharedlib_from_linklib_cmd='printf %s\n'
lt_cv_shlibpath_overrides_runpath=no
lt_cv_sys_global_symbol_pipe='sed -n -e '\''s/^.*[	 ]\([ABCDGIRSTW][ABCDGIRSTW]*\)[	 ][	 ]*\([_A-Za-z][_A-Za-z0-9]*\)$/\1 \2 \2/p'\'' | sed '\''/ __gnu_lto/d'\'''
lt_cv_sys_global_symbol_to_c_name_address='sed -n -e '\''s/^: \([^ ]*\)[ ]*$/  {\"\1\", (void *) 0},/p'\'' -e '\''s/^[ABCDGIRSTW]* \([^ ]*\) \([^ ]*\)$/  {"\2", (void *) \&\2},/p'\'''
lt_cv_sys_global_symbol_to_c_name_address_lib_prefix='sed -n -e '\''s/^: \([^ ]*\)[ ]*$/  {\"\1\", (void *) 0},/p'\'' -e '\''s/^[ABCDGIRSTW]* \([^ ]*\) \(lib[^ ]*\)$/  {"\2", (void *) \&\2},/p'\'' -e '\''s/^[ABCDGIRSTW]* \([^ ]*\) \([^ ]*\)$/  {"lib\2", (void *) \&\2},/p'\'''
lt_cv_sys_global_symbol_to_cdecl='sed -n -e '\''s/^T .* \(.*\)$/extern int \1();/p'\'' -e '\''s/^[ABCDGIRSTW]* .* \(.*\)$/extern char \1;/p'\'''
lt_cv_sys_max_cmd_len=1572864
lt_cv_to_host_file_cmd=func_convert_file_noop
lt_cv_to_tool_file_cmd=func_convert_file_noop

## ----------------- ##
## Output variables. ##
## ----------------- ##

ACLOCAL='${SHELL} /home/helio/Github/DRM/build-aux/missing aclocal-1.14'
ALLOCA=''
AMDEPBACKSLASH='\'
AMDEP_FALSE='#'
AMDEP_TRUE=''
AMTAR='$${TAR-tar}'
AM_BACKSLASH='\'
AM_DEFAULT_V='$(AM_DEFAULT_VERBOSITY)'
AM_DEFAULT_VERBOSITY='0'
AM_V='$(V)'
AR='ar'
AUTOCONF='${SHELL} /home/helio/Github/DRM/build-aux/missing autoconf'
AUTOHEADER='${SHELL} /home/helio/Github/DRM/build-aux/missing autoheader'
AUTOMAKE='${SHELL} /home/helio/Github/DRM/build-aux/missing automake-1.14'
AWK='gawk'
BUILD_MANPAGES_FALSE=''
BUILD_MANPAGES_TRUE=''
CC='gcc'
CCDEPMODE='depmode=gcc3'
CFLAGS='-g -O2'
CLOCK_LIB=''
CPP='gcc -E'
CPPFLAGS=''
CYGPATH_W='echo'
DEFS=''
DEPDIR='.deps'
DLLTOOL='false'
DSYMUTIL=''
DUMPBIN=''
ECHO_C=''
ECHO_N='-n'
ECHO_T=''
EGREP='/bin/grep -E'
EXEEXT=''
FGREP='/bin/grep -F'
GREP='/bin/grep'
HAVE_CAIRO_FALSE=''
HAVE_CAIRO_TRUE=''
HAVE_EXYNOS_FALSE=''
HAVE_EXYNOS_TRUE=''
HAVE_FREEDRENO_FALSE=''
HAVE_FREEDRENO_TRUE=''
HAVE_INSTALL_TESTS_FALSE=''
HAVE_INSTALL_TESTS_TRUE=''
HAVE_INTEL_FALSE=''
HAVE_INTEL_TRUE=''
HAVE_LIBKMS_FALSE=''
HAVE_LIBKMS_TRUE=''
HAVE_LIBUDEV_FALSE=''
HAVE_LIBUDEV_TRUE=''
HAVE_MANPAGES_STYLESHEET_FALSE=''
HAVE_MANPAGES_STYLESHEET_TRUE=''
HAVE_NOUVEAU_FALSE=''
HAVE_NOUVEAU_TRUE=''
HAVE_OMAP_FALSE=''
HAVE_OMAP_TRUE=''
HAVE_RADEON_FALSE=''
HAVE_RADEON_TRUE=''
HAVE_VMWGFX_FALSE=''
HAVE_VMWGFX_TRUE=''
INSTALL_DATA='${INSTALL} -m 644'
INSTALL_PROGRAM='${INSTALL}'
INSTALL_SCRIPT='${INSTALL}'
INSTALL_STRIP_PROGRAM='$(install_sh) -c -s'
LD='/usr/bin/ld'
LDFLAGS=''
LIBOBJS=''
LIBS=''
LIBTOOL='$(SHELL) $(top_builddir)/libtool'
LIPO=''
LN_S='ln -s'
LTLIBOBJS=''
MAINT=''
MAINTAINER_MODE_FALSE='#'
MAINTAINER_MODE_TRUE=''
MAKEINFO='${SHELL} /home/helio/Github/DRM/build-aux/missing makeinfo'
MANIFEST_TOOL=':'
MANPAGES_STYLESHEET=''
MKDIR_P='/bin/mkdir -p'
NM='/usr/bin/nm -B'
NMEDIT=''
OBJDUMP='objdump'
OBJEXT='o'
OTOOL64=''
OTOOL=''
PACKAGE='libdrm'
PACKAGE_BUGREPORT='https://bugs.freedesktop.org/enter_bug.cgi?product=DRI'
PACKAGE_NAME='libdrm'
PACKAGE_STRING='libdrm 2.4.52'
PACKAGE_TARNAME='libdrm'
PACKAGE_URL=''
PACKAGE_VERSION='2.4.52'
PATH_SEPARATOR=':'
PCIACCESS_CFLAGS=''
PCIACCESS_LIBS=''
PTHREADSTUBS_CFLAGS=''
PTHREADSTUBS_LIBS=''
RANLIB='ranlib'
SED='/bin/sed'
SET_MAKE=''
SHELL='/bin/bash'
STRIP='strip'
VERSION='2.4.52'
WARN_CFLAGS=''
XSLTPROC=''
ac_ct_AR='ar'
ac_ct_CC='gcc'
ac_ct_DUMPBIN=''
am__EXEEXT_FALSE=''
am__EXEEXT_TRUE=''
am__fastdepCC_FALSE='#'
am__fastdepCC_TRUE=''
am__include='include'
am__isrc=''
am__leading_dot='.'
am__nodep='_no'
am__quote=''
am__tar='$${TAR-tar} chof - "$$tardir"'
am__untar='$${TAR-tar} xf -'
bindir='${exec_prefix}/bin'
build='i686-pc-linux-gnu'
build_alias=''
build_cpu='i686'
build_os='linux-gnu'
build_vendor='pc'
datadir='${datarootdir}'
datarootdir='${prefix}/share'
docdir='${datarootdir}/doc/${PACKAGE_TARNAME}'
dvidir='${docdir}'
exec_prefix='NONE'
host='i686-pc-linux-gnu'
host_alias=''
host_cpu='i686'
host_os='linux-gnu'
host_vendor='pc'
htmldir='${docdir}'
includedir='${prefix}/include'
infodir='${datarootdir}/info'
install_sh='${SHELL} /home/helio/Github/DRM/build-aux/install-sh'
kernel_source=''
libdir='${exec_prefix}/lib'
libexecdir='${exec_prefix}/libexec'
localedir='${datarootdir}/locale'
localstatedir='${prefix}/var'
mandir='${datarootdir}/man'
mkdir_p='$(MKDIR_P)'
oldincludedir='/usr/include'
pdfdir='${docdir}'
pkgconfigdir=''
prefix='NONE'
program_transform_name='s,x,x,'
psdir='${docdir}'
sbindir='${exec_prefix}/sbin'
sharedstatedir='${prefix}/com'
sysconfdir='${prefix}/etc'
target_alias=''

## ----------- ##
## confdefs.h. ##
## ----------- ##

/* confdefs.h */
#define PACKAGE_NAME "libdrm"
#define PACKAGE_TARNAME "libdrm"
#define PACKAGE_VERSION "2.4.52"
#define PACKAGE_STRING "libdrm 2.4.52"
#define PACKAGE_BUGREPORT "https://bugs.freedesktop.org/enter_bug.cgi?product=DRI"
#define PACKAGE_URL ""
#define PACKAGE "libdrm"
#define VERSION "2.4.52"
#define STDC_HEADERS 1
#define HAVE_SYS_TYPES_H 1
#define HAVE_SYS_STAT_H 1
#define HAVE_STDLIB_H 1
#define HAVE_STRING_H 1
#define HAVE_MEMORY_H 1
#define HAVE_STRINGS_H 1
#define HAVE_INTTYPES_H 1
#define HAVE_STDINT_H 1
#define HAVE_UNISTD_H 1
#define __EXTENSIONS__ 1
#define _ALL_SOURCE 1
#define _GNU_SOURCE 1
#define _POSIX_PTHREAD_SEMANTICS 1
#define _TANDEM_SOURCE 1
#define _FILE_OFFSET_BITS 64
#define HAVE_ALLOCA_H 1
#define HAVE_ALLOCA 1
#define HAVE_DLFCN_H 1
#define LT_OBJDIR ".libs/"

configure: exit 2
